2023-11-23 08:51:51.550 [34mINFO [0;39m [35m254 [0;39m --- [main] [, ] [36mc.s.s.SalguAuthApplication[0;39m : Starting SalguAuthApplication using Java 17.0.9 with PID 23995 (/Users/isang-gyu/project/salgu-auth/build/classes/java/main started by isang-gyu in /Users/isang-gyu/project/salgu-auth)
2023-11-23 08:51:51.551 [34mINFO [0;39m [35m255 [0;39m --- [main] [, ] [36mc.s.s.SalguAuthApplication[0;39m : The following 4 profiles are active: "db", "service", "server", "local"
2023-11-23 08:51:51.884 [34mINFO [0;39m [35m588 [0;39m --- [main] [, ] [36mo.s.b.w.e.t.TomcatWebServer[0;39m : Tomcat initialized with port(s): 18088 (http)
2023-11-23 08:51:51.921 [34mINFO [0;39m [35m625 [0;39m --- [main] [, ] [36mo.s.b.w.s.c.ServletWebServerApplicationContext[0;39m : Root WebApplicationContext: initialization completed in 356 ms
2023-11-23 08:51:52.064 [34mINFO [0;39m [35m768 [0;39m --- [main] [, ] [36mo.s.b.w.e.t.TomcatWebServer[0;39m : Tomcat started on port(s): 18088 (http) with context path ''
2023-11-23 08:51:52.068 [34mINFO [0;39m [35m772 [0;39m --- [main] [, ] [36mc.s.s.SalguAuthApplication[0;39m : Started SalguAuthApplication in 0.67 seconds (process running for 0.909)
2023-11-23 08:52:05.778 [34mINFO [0;39m [35m14482[0;39m --- [http-nio-18088-exec-1] [, ] [36mo.s.w.s.DispatcherServlet[0;39m : Initializing Servlet 'dispatcherServlet'
2023-11-23 08:52:05.779 [34mINFO [0;39m [35m14483[0;39m --- [http-nio-18088-exec-1] [, ] [36mo.s.w.s.DispatcherServlet[0;39m : Completed initialization in 1 ms
2023-11-23 08:53:04.742 [1;31mERROR[0;39m [35m73446[0;39m --- [http-nio-18088-exec-6] [, ] [36mc.s.s.u.e.GlobalExceptionHandler[0;39m : not handling error.
org.springframework.web.HttpRequestMethodNotSupportedException: Request method 'GET' is not supported
	at org.springframework.web.servlet.mvc.method.RequestMappingInfoHandlerMapping.handleNoMatch(RequestMappingInfoHandlerMapping.java:265)
	at org.springframework.web.servlet.handler.AbstractHandlerMethodMapping.lookupHandlerMethod(AbstractHandlerMethodMapping.java:441)
	at org.springframework.web.servlet.handler.AbstractHandlerMethodMapping.getHandlerInternal(AbstractHandlerMethodMapping.java:382)
	at org.springframework.web.servlet.mvc.method.RequestMappingInfoHandlerMapping.getHandlerInternal(RequestMappingInfoHandlerMapping.java:126)
	at org.springframework.web.servlet.mvc.method.RequestMappingInfoHandlerMapping.getHandlerInternal(RequestMappingInfoHandlerMapping.java:68)
	at org.springframework.web.servlet.handler.AbstractHandlerMapping.getHandler(AbstractHandlerMapping.java:505)
	at org.springframework.web.servlet.DispatcherServlet.getHandler(DispatcherServlet.java:1275)
	at org.springframework.web.servlet.DispatcherServlet.doDispatch(DispatcherServlet.java:1057)
	at org.springframework.web.servlet.DispatcherServlet.doService(DispatcherServlet.java:974)
	at org.springframework.web.servlet.FrameworkServlet.processRequest(FrameworkServlet.java:1011)
	at org.springframework.web.servlet.FrameworkServlet.doGet(FrameworkServlet.java:903)
	at jakarta.servlet.http.HttpServlet.service(HttpServlet.java:564)
	at org.springframework.web.servlet.FrameworkServlet.service(FrameworkServlet.java:885)
	at jakarta.servlet.http.HttpServlet.service(HttpServlet.java:658)
	at org.apache.catalina.core.ApplicationFilterChain.internalDoFilter(ApplicationFilterChain.java:205)
	at org.apache.catalina.core.ApplicationFilterChain.doFilter(ApplicationFilterChain.java:149)
	at org.apache.tomcat.websocket.server.WsFilter.doFilter(WsFilter.java:51)
	at org.apache.catalina.core.ApplicationFilterChain.internalDoFilter(ApplicationFilterChain.java:174)
	at org.apache.catalina.core.ApplicationFilterChain.doFilter(ApplicationFilterChain.java:149)
	at org.springframework.web.filter.RequestContextFilter.doFilterInternal(RequestContextFilter.java:100)
	at org.springframework.web.filter.OncePerRequestFilter.doFilter(OncePerRequestFilter.java:116)
	at org.apache.catalina.core.ApplicationFilterChain.internalDoFilter(ApplicationFilterChain.java:174)
	at org.apache.catalina.core.ApplicationFilterChain.doFilter(ApplicationFilterChain.java:149)
	at org.springframework.web.filter.FormContentFilter.doFilterInternal(FormContentFilter.java:93)
	at org.springframework.web.filter.OncePerRequestFilter.doFilter(OncePerRequestFilter.java:116)
	at org.apache.catalina.core.ApplicationFilterChain.internalDoFilter(ApplicationFilterChain.java:174)
	at org.apache.catalina.core.ApplicationFilterChain.doFilter(ApplicationFilterChain.java:149)
	at org.springframework.web.filter.CharacterEncodingFilter.doFilterInternal(CharacterEncodingFilter.java:201)
	at org.springframework.web.filter.OncePerRequestFilter.doFilter(OncePerRequestFilter.java:116)
	at org.apache.catalina.core.ApplicationFilterChain.internalDoFilter(ApplicationFilterChain.java:174)
	at org.apache.catalina.core.ApplicationFilterChain.doFilter(ApplicationFilterChain.java:149)
	at org.apache.catalina.core.StandardWrapperValve.invoke(StandardWrapperValve.java:166)
	at org.apache.catalina.core.StandardContextValve.invoke(StandardContextValve.java:90)
	at org.apache.catalina.authenticator.AuthenticatorBase.invoke(AuthenticatorBase.java:482)
	at org.apache.catalina.core.StandardHostValve.invoke(StandardHostValve.java:115)
	at org.apache.catalina.valves.ErrorReportValve.invoke(ErrorReportValve.java:93)
	at org.apache.catalina.core.StandardEngineValve.invoke(StandardEngineValve.java:74)
	at org.apache.catalina.connector.CoyoteAdapter.service(CoyoteAdapter.java:341)
	at org.apache.coyote.http11.Http11Processor.service(Http11Processor.java:391)
	at org.apache.coyote.AbstractProcessorLight.process(AbstractProcessorLight.java:63)
	at org.apache.coyote.AbstractProtocol$ConnectionHandler.process(AbstractProtocol.java:894)
	at org.apache.tomcat.util.net.NioEndpoint$SocketProcessor.doRun(NioEndpoint.java:1741)
	at org.apache.tomcat.util.net.SocketProcessorBase.run(SocketProcessorBase.java:52)
	at org.apache.tomcat.util.threads.ThreadPoolExecutor.runWorker(ThreadPoolExecutor.java:1191)
	at org.apache.tomcat.util.threads.ThreadPoolExecutor$Worker.run(ThreadPoolExecutor.java:659)
	at org.apache.tomcat.util.threads.TaskThread$WrappingRunnable.run(TaskThread.java:61)
	at java.base/java.lang.Thread.run(Thread.java:840)
2023-11-23 08:53:04.750 [34mINFO [0;39m [35m73454[0;39m --- [http-nio-18088-exec-6] [, ] [36mc.s.s.util.AopLogger[0;39m : Request: GET /sign-in < 0:0:0:0:0:0:0:1 / 0:0:0:0:0:0:0:1 (7ms) null Mozilla/5.0 (Macintosh; Intel Mac OS X 10_15_7) AppleWebKit/537.36 (KHTML, like Gecko) Chrome/119.0.0.0 Safari/537.36
2023-11-23 08:55:28.902 [34mINFO [0;39m [35m243 [0;39m --- [main] [, ] [36mc.s.s.SalguAuthApplication[0;39m : Starting SalguAuthApplication using Java 17.0.9 with PID 24065 (/Users/isang-gyu/project/salgu-auth/build/classes/java/main started by isang-gyu in /Users/isang-gyu/project/salgu-auth)
2023-11-23 08:55:28.903 [34mINFO [0;39m [35m244 [0;39m --- [main] [, ] [36mc.s.s.SalguAuthApplication[0;39m : The following 4 profiles are active: "db", "service", "server", "local"
2023-11-23 08:55:29.238 [34mINFO [0;39m [35m579 [0;39m --- [main] [, ] [36mo.s.b.w.e.t.TomcatWebServer[0;39m : Tomcat initialized with port(s): 18088 (http)
2023-11-23 08:55:29.277 [34mINFO [0;39m [35m618 [0;39m --- [main] [, ] [36mo.s.b.w.s.c.ServletWebServerApplicationContext[0;39m : Root WebApplicationContext: initialization completed in 361 ms
2023-11-23 08:55:29.410 [34mINFO [0;39m [35m751 [0;39m --- [main] [, ] [36mo.s.b.w.e.t.TomcatWebServer[0;39m : Tomcat started on port(s): 18088 (http) with context path ''
2023-11-23 08:55:29.413 [34mINFO [0;39m [35m754 [0;39m --- [main] [, ] [36mc.s.s.SalguAuthApplication[0;39m : Started SalguAuthApplication in 0.654 seconds (process running for 0.883)
2023-11-23 08:55:36.367 [34mINFO [0;39m [35m7708[0;39m --- [http-nio-18088-exec-1] [, ] [36mo.s.w.s.DispatcherServlet[0;39m : Initializing Servlet 'dispatcherServlet'
2023-11-23 08:55:36.367 [34mINFO [0;39m [35m7708[0;39m --- [http-nio-18088-exec-1] [, ] [36mo.s.w.s.DispatcherServlet[0;39m : Completed initialization in 0 ms
2023-11-23 08:55:36.377 [1;31mERROR[0;39m [35m7718[0;39m --- [http-nio-18088-exec-1] [, ] [36mc.s.s.u.e.GlobalExceptionHandler[0;39m : not handling error.
org.springframework.web.HttpRequestMethodNotSupportedException: Request method 'GET' is not supported
	at org.springframework.web.servlet.mvc.method.RequestMappingInfoHandlerMapping.handleNoMatch(RequestMappingInfoHandlerMapping.java:265)
	at org.springframework.web.servlet.handler.AbstractHandlerMethodMapping.lookupHandlerMethod(AbstractHandlerMethodMapping.java:441)
	at org.springframework.web.servlet.handler.AbstractHandlerMethodMapping.getHandlerInternal(AbstractHandlerMethodMapping.java:382)
	at org.springframework.web.servlet.mvc.method.RequestMappingInfoHandlerMapping.getHandlerInternal(RequestMappingInfoHandlerMapping.java:126)
	at org.springframework.web.servlet.mvc.method.RequestMappingInfoHandlerMapping.getHandlerInternal(RequestMappingInfoHandlerMapping.java:68)
	at org.springframework.web.servlet.handler.AbstractHandlerMapping.getHandler(AbstractHandlerMapping.java:505)
	at org.springframework.web.servlet.DispatcherServlet.getHandler(DispatcherServlet.java:1275)
	at org.springframework.web.servlet.DispatcherServlet.doDispatch(DispatcherServlet.java:1057)
	at org.springframework.web.servlet.DispatcherServlet.doService(DispatcherServlet.java:974)
	at org.springframework.web.servlet.FrameworkServlet.processRequest(FrameworkServlet.java:1011)
	at org.springframework.web.servlet.FrameworkServlet.doGet(FrameworkServlet.java:903)
	at jakarta.servlet.http.HttpServlet.service(HttpServlet.java:564)
	at org.springframework.web.servlet.FrameworkServlet.service(FrameworkServlet.java:885)
	at jakarta.servlet.http.HttpServlet.service(HttpServlet.java:658)
	at org.apache.catalina.core.ApplicationFilterChain.internalDoFilter(ApplicationFilterChain.java:205)
	at org.apache.catalina.core.ApplicationFilterChain.doFilter(ApplicationFilterChain.java:149)
	at org.apache.tomcat.websocket.server.WsFilter.doFilter(WsFilter.java:51)
	at org.apache.catalina.core.ApplicationFilterChain.internalDoFilter(ApplicationFilterChain.java:174)
	at org.apache.catalina.core.ApplicationFilterChain.doFilter(ApplicationFilterChain.java:149)
	at org.springframework.web.filter.RequestContextFilter.doFilterInternal(RequestContextFilter.java:100)
	at org.springframework.web.filter.OncePerRequestFilter.doFilter(OncePerRequestFilter.java:116)
	at org.apache.catalina.core.ApplicationFilterChain.internalDoFilter(ApplicationFilterChain.java:174)
	at org.apache.catalina.core.ApplicationFilterChain.doFilter(ApplicationFilterChain.java:149)
	at org.springframework.web.filter.FormContentFilter.doFilterInternal(FormContentFilter.java:93)
	at org.springframework.web.filter.OncePerRequestFilter.doFilter(OncePerRequestFilter.java:116)
	at org.apache.catalina.core.ApplicationFilterChain.internalDoFilter(ApplicationFilterChain.java:174)
	at org.apache.catalina.core.ApplicationFilterChain.doFilter(ApplicationFilterChain.java:149)
	at org.springframework.web.filter.CharacterEncodingFilter.doFilterInternal(CharacterEncodingFilter.java:201)
	at org.springframework.web.filter.OncePerRequestFilter.doFilter(OncePerRequestFilter.java:116)
	at org.apache.catalina.core.ApplicationFilterChain.internalDoFilter(ApplicationFilterChain.java:174)
	at org.apache.catalina.core.ApplicationFilterChain.doFilter(ApplicationFilterChain.java:149)
	at org.apache.catalina.core.StandardWrapperValve.invoke(StandardWrapperValve.java:166)
	at org.apache.catalina.core.StandardContextValve.invoke(StandardContextValve.java:90)
	at org.apache.catalina.authenticator.AuthenticatorBase.invoke(AuthenticatorBase.java:482)
	at org.apache.catalina.core.StandardHostValve.invoke(StandardHostValve.java:115)
	at org.apache.catalina.valves.ErrorReportValve.invoke(ErrorReportValve.java:93)
	at org.apache.catalina.core.StandardEngineValve.invoke(StandardEngineValve.java:74)
	at org.apache.catalina.connector.CoyoteAdapter.service(CoyoteAdapter.java:341)
	at org.apache.coyote.http11.Http11Processor.service(Http11Processor.java:391)
	at org.apache.coyote.AbstractProcessorLight.process(AbstractProcessorLight.java:63)
	at org.apache.coyote.AbstractProtocol$ConnectionHandler.process(AbstractProtocol.java:894)
	at org.apache.tomcat.util.net.NioEndpoint$SocketProcessor.doRun(NioEndpoint.java:1741)
	at org.apache.tomcat.util.net.SocketProcessorBase.run(SocketProcessorBase.java:52)
	at org.apache.tomcat.util.threads.ThreadPoolExecutor.runWorker(ThreadPoolExecutor.java:1191)
	at org.apache.tomcat.util.threads.ThreadPoolExecutor$Worker.run(ThreadPoolExecutor.java:659)
	at org.apache.tomcat.util.threads.TaskThread$WrappingRunnable.run(TaskThread.java:61)
	at java.base/java.lang.Thread.run(Thread.java:840)
2023-11-23 08:55:36.379 [34mINFO [0;39m [35m7720[0;39m --- [http-nio-18088-exec-1] [, ] [36mc.s.s.util.AopLogger[0;39m : Request: GET /sign-in < 0:0:0:0:0:0:0:1 / 0:0:0:0:0:0:0:1 (2ms) null Mozilla/5.0 (Macintosh; Intel Mac OS X 10_15_7) AppleWebKit/537.36 (KHTML, like Gecko) Chrome/119.0.0.0 Safari/537.36
2023-11-23 08:57:16.176 [34mINFO [0;39m [35m232 [0;39m --- [main] [, ] [36mc.s.s.SalguAuthApplication[0;39m : Starting SalguAuthApplication using Java 17.0.9 with PID 24108 (/Users/isang-gyu/project/salgu-auth/build/classes/java/main started by isang-gyu in /Users/isang-gyu/project/salgu-auth)
2023-11-23 08:57:16.176 [34mINFO [0;39m [35m232 [0;39m --- [main] [, ] [36mc.s.s.SalguAuthApplication[0;39m : The following 4 profiles are active: "db", "service", "server", "local"
2023-11-23 08:57:16.484 [34mINFO [0;39m [35m540 [0;39m --- [main] [, ] [36mo.s.b.w.e.t.TomcatWebServer[0;39m : Tomcat initialized with port(s): 18088 (http)
2023-11-23 08:57:16.520 [34mINFO [0;39m [35m576 [0;39m --- [main] [, ] [36mo.s.b.w.s.c.ServletWebServerApplicationContext[0;39m : Root WebApplicationContext: initialization completed in 329 ms
2023-11-23 08:57:16.641 [34mINFO [0;39m [35m697 [0;39m --- [main] [, ] [36mo.s.b.w.e.t.TomcatWebServer[0;39m : Tomcat started on port(s): 18088 (http) with context path ''
2023-11-23 08:57:16.645 [34mINFO [0;39m [35m701 [0;39m --- [main] [, ] [36mc.s.s.SalguAuthApplication[0;39m : Started SalguAuthApplication in 0.604 seconds (process running for 0.825)
2023-11-23 08:57:50.543 [34mINFO [0;39m [35m235 [0;39m --- [main] [, ] [36mc.s.s.SalguAuthApplication[0;39m : Starting SalguAuthApplication using Java 17.0.9 with PID 24119 (/Users/isang-gyu/project/salgu-auth/build/classes/java/main started by isang-gyu in /Users/isang-gyu/project/salgu-auth)
2023-11-23 08:57:50.544 [34mINFO [0;39m [35m236 [0;39m --- [main] [, ] [36mc.s.s.SalguAuthApplication[0;39m : The following 4 profiles are active: "db", "service", "server", "local"
2023-11-23 08:57:50.860 [34mINFO [0;39m [35m552 [0;39m --- [main] [, ] [36mo.s.b.w.e.t.TomcatWebServer[0;39m : Tomcat initialized with port(s): 18088 (http)
2023-11-23 08:57:50.896 [34mINFO [0;39m [35m588 [0;39m --- [main] [, ] [36mo.s.b.w.s.c.ServletWebServerApplicationContext[0;39m : Root WebApplicationContext: initialization completed in 337 ms
2023-11-23 08:57:51.021 [34mINFO [0;39m [35m713 [0;39m --- [main] [, ] [36mo.s.b.w.e.t.TomcatWebServer[0;39m : Tomcat started on port(s): 18088 (http) with context path ''
2023-11-23 08:57:51.024 [34mINFO [0;39m [35m716 [0;39m --- [main] [, ] [36mc.s.s.SalguAuthApplication[0;39m : Started SalguAuthApplication in 0.618 seconds (process running for 0.84)
2023-11-23 08:58:33.458 [34mINFO [0;39m [35m234 [0;39m --- [main] [, ] [36mc.s.s.SalguAuthApplication[0;39m : Starting SalguAuthApplication using Java 17.0.9 with PID 24131 (/Users/isang-gyu/project/salgu-auth/build/classes/java/main started by isang-gyu in /Users/isang-gyu/project/salgu-auth)
2023-11-23 08:58:33.458 [34mINFO [0;39m [35m234 [0;39m --- [main] [, ] [36mc.s.s.SalguAuthApplication[0;39m : The following 4 profiles are active: "db", "service", "server", "local"
2023-11-23 08:58:33.769 [34mINFO [0;39m [35m545 [0;39m --- [main] [, ] [36mo.s.b.w.e.t.TomcatWebServer[0;39m : Tomcat initialized with port(s): 18088 (http)
2023-11-23 08:58:33.804 [34mINFO [0;39m [35m580 [0;39m --- [main] [, ] [36mo.s.b.w.s.c.ServletWebServerApplicationContext[0;39m : Root WebApplicationContext: initialization completed in 332 ms
2023-11-23 08:58:33.937 [34mINFO [0;39m [35m713 [0;39m --- [main] [, ] [36mo.s.b.w.e.t.TomcatWebServer[0;39m : Tomcat started on port(s): 18088 (http) with context path ''
2023-11-23 08:58:33.944 [34mINFO [0;39m [35m720 [0;39m --- [main] [, ] [36mc.s.s.SalguAuthApplication[0;39m : Started SalguAuthApplication in 0.619 seconds (process running for 0.845)
2023-11-23 08:58:39.291 [34mINFO [0;39m [35m6067[0;39m --- [http-nio-18088-exec-1] [, ] [36mo.s.w.s.DispatcherServlet[0;39m : Initializing Servlet 'dispatcherServlet'
2023-11-23 08:58:39.292 [34mINFO [0;39m [35m6068[0;39m --- [http-nio-18088-exec-1] [, ] [36mo.s.w.s.DispatcherServlet[0;39m : Completed initialization in 0 ms
2023-11-23 08:58:53.486 [34mINFO [0;39m [35m237 [0;39m --- [main] [, ] [36mc.s.s.SalguAuthApplication[0;39m : Starting SalguAuthApplication using Java 17.0.9 with PID 24140 (/Users/isang-gyu/project/salgu-auth/build/classes/java/main started by isang-gyu in /Users/isang-gyu/project/salgu-auth)
2023-11-23 08:58:53.487 [34mINFO [0;39m [35m238 [0;39m --- [main] [, ] [36mc.s.s.SalguAuthApplication[0;39m : The following 4 profiles are active: "db", "service", "server", "local"
2023-11-23 08:58:53.806 [34mINFO [0;39m [35m557 [0;39m --- [main] [, ] [36mo.s.b.w.e.t.TomcatWebServer[0;39m : Tomcat initialized with port(s): 18088 (http)
2023-11-23 08:58:53.843 [34mINFO [0;39m [35m594 [0;39m --- [main] [, ] [36mo.s.b.w.s.c.ServletWebServerApplicationContext[0;39m : Root WebApplicationContext: initialization completed in 342 ms
2023-11-23 08:58:53.972 [34mINFO [0;39m [35m723 [0;39m --- [main] [, ] [36mo.s.b.w.e.t.TomcatWebServer[0;39m : Tomcat started on port(s): 18088 (http) with context path ''
2023-11-23 08:58:53.976 [34mINFO [0;39m [35m727 [0;39m --- [main] [, ] [36mc.s.s.SalguAuthApplication[0;39m : Started SalguAuthApplication in 0.624 seconds (process running for 0.85)
2023-11-23 08:59:02.327 [34mINFO [0;39m [35m9078[0;39m --- [http-nio-18088-exec-1] [, ] [36mo.s.w.s.DispatcherServlet[0;39m : Initializing Servlet 'dispatcherServlet'
2023-11-23 08:59:02.328 [34mINFO [0;39m [35m9079[0;39m --- [http-nio-18088-exec-1] [, ] [36mo.s.w.s.DispatcherServlet[0;39m : Completed initialization in 1 ms
2023-11-23 09:00:16.137 [34mINFO [0;39m [35m240 [0;39m --- [main] [, ] [36mc.s.s.SalguAuthApplication[0;39m : Starting SalguAuthApplication using Java 17.0.9 with PID 24163 (/Users/isang-gyu/project/salgu-auth/build/classes/java/main started by isang-gyu in /Users/isang-gyu/project/salgu-auth)
2023-11-23 09:00:16.138 [34mINFO [0;39m [35m241 [0;39m --- [main] [, ] [36mc.s.s.SalguAuthApplication[0;39m : The following 4 profiles are active: "db", "service", "server", "local"
2023-11-23 09:00:16.448 [34mINFO [0;39m [35m551 [0;39m --- [main] [, ] [36mo.s.b.w.e.t.TomcatWebServer[0;39m : Tomcat initialized with port(s): 18088 (http)
2023-11-23 09:00:16.488 [34mINFO [0;39m [35m591 [0;39m --- [main] [, ] [36mo.s.b.w.s.c.ServletWebServerApplicationContext[0;39m : Root WebApplicationContext: initialization completed in 337 ms
2023-11-23 09:00:16.615 [34mINFO [0;39m [35m718 [0;39m --- [main] [, ] [36mo.s.b.w.e.t.TomcatWebServer[0;39m : Tomcat started on port(s): 18088 (http) with context path ''
2023-11-23 09:00:16.618 [34mINFO [0;39m [35m721 [0;39m --- [main] [, ] [36mc.s.s.SalguAuthApplication[0;39m : Started SalguAuthApplication in 0.617 seconds (process running for 0.844)
2023-11-23 09:08:09.634 [34mINFO [0;39m [35m240 [0;39m --- [main] [, ] [36mc.s.s.SalguAuthApplication[0;39m : Starting SalguAuthApplication using Java 17.0.9 with PID 24311 (/Users/isang-gyu/project/salgu-auth/build/classes/java/main started by isang-gyu in /Users/isang-gyu/project/salgu-auth)
2023-11-23 09:08:09.635 [34mINFO [0;39m [35m241 [0;39m --- [main] [, ] [36mc.s.s.SalguAuthApplication[0;39m : The following 4 profiles are active: "db", "service", "server", "local"
2023-11-23 09:08:09.978 [34mINFO [0;39m [35m584 [0;39m --- [main] [, ] [36mo.s.b.w.e.t.TomcatWebServer[0;39m : Tomcat initialized with port(s): 18088 (http)
2023-11-23 09:08:10.014 [34mINFO [0;39m [35m620 [0;39m --- [main] [, ] [36mo.s.b.w.s.c.ServletWebServerApplicationContext[0;39m : Root WebApplicationContext: initialization completed in 365 ms
2023-11-23 09:08:10.087 [34mINFO [0;39m [35m693 [0;39m --- [main] [, ] [36mo.s.b.a.h.H2ConsoleAutoConfiguration[0;39m : H2 console available at '/h2-console2'. Database available at 'jdbc:h2:mem:auth'
2023-11-23 09:08:10.254 [34mINFO [0;39m [35m860 [0;39m --- [main] [, ] [36mo.s.b.w.e.t.TomcatWebServer[0;39m : Tomcat started on port(s): 18088 (http) with context path ''
2023-11-23 09:08:10.258 [34mINFO [0;39m [35m864 [0;39m --- [main] [, ] [36mc.s.s.SalguAuthApplication[0;39m : Started SalguAuthApplication in 0.76 seconds (process running for 0.995)
